         w _ITM_deregisterTMCloneTable
         w _ITM_registerTMCloneTable
         w __deregister_frame_info
         w __register_frame_info
00000000 b .LANCHOR1
00000000 b _TLS_MODULE_BASE_
00000000 00000401 b __fixedpath
00000000 a shift
00000000 a shift
00000404 b .LANCHOR3
00000404 00000802 b __utf16path
00000c08 b .LANCHOR5
00000c08 00000802 b __utf16path_old.8107
00100000 a __start__
00100000 T _start
00100008 T __service_ptr
0010000c T __apt_appid
00100010 T __heap_size
00100014 T __linear_heap_size
00100018 T __system_arglist
0010001c T __system_runflags
00100020 t startup
00100058 t ClearMem
0010006c t ClrLoop
00100094 T _init
001000ac T initSystem
001000f0 T __ctru_exit
00100110 t .udivsi3_skip_div0_test
00100110 T __aeabi_uidiv
00100110 000001ec T __udivsi3
001002fc 00000020 T __aeabi_uidivmod
0010031c T __aeabi_idiv
0010031c 00000220 T __divsi3
00100324 t .divsi3_skip_div0_test
0010053c 00000020 T __aeabi_idivmod
0010055c 00000004 W __aeabi_idiv0
0010055c 00000004 W __aeabi_ldiv0
00100560 T __aeabi_uldivmod
001005a8 00000390 T strcmp
00100930 t deregister_tm_clones
0010095c t register_tm_clones
00100994 t __do_global_dtors_aux
001009d8 t frame_dummy
00100a0c 00000084 T load_image
00100a90 00000188 T main
00100c18 0000016c T SDL_Init
00100d84 00000084 T SDL_Quit
00100e08 000001cc T SDL_SetError
00100fd4 000002c4 T SDL_GetErrorMsg
00101298 00000010 T SDL_GetError
001012a8 00000014 T SDL_ClearError
001012bc 00000058 T SDL_Error
00101314 00000020 t SDL_Parachute
00101334 00000044 T SDL_InstallParachute
00101378 0000004c T SDL_UninstallParachute
001013c4 00000034 t SDL_LockAudio_Default
001013f8 00000034 t SDL_UnlockAudio_Default
0010142c 000000ac T SDL_AudioQuit
001014d8 000000e8 T SDL_AudioInit
001015c0 000000ac T SDL_FirstAudioFormat
0010166c 00000054 T SDL_NextAudioFormat
001016c0 00000034 T SDL_CalculateAudioSpec
001016f4 0000004c t stdio_write
00101740 0000004c t stdio_read
0010178c 0000004c t stdio_seek
001017d8 00000034 t stdio_close
0010180c 000000b4 T SDL_RWFromFile
001018c0 00000028 T SDL_ReadLE16
001018e8 00000028 T SDL_ReadLE32
00101910 000000a8 T SDL_GetErrBuf
001019b8 0000003c T SDL_RunThread
001019f4 00000238 T SDL_CreateThread
00101c2c 0000010c T SDL_WaitThread
00101d38 00000044 T SDL_SetTimerThreaded
00101d7c 00000110 T SDL_TimerQuit
00101e8c 00000074 T SDL_TimerInit
00101f00 00000134 T SDL_ThreadedTimerCheck
00102034 00000738 T SDL_LoadBMP_RW
0010276c 00000a5c T SDL_DrawCursorNoLock
001031c8 00000180 T SDL_DrawCursor
00103348 00000358 T SDL_EraseCursor
001036a0 000001bc T SDL_SetCursor
0010385c 000000a0 T SDL_FreeCursor
001038fc 00000180 T SDL_CursorInit
00103a7c 00000154 T SDL_CursorQuit
00103bd0 000000bc T SDL_MoveCursor
00103c8c 000001c0 T SDL_ShowCursor
00103e4c 00000034 T SDL_ResetCursor
00103e80 0000012c t Map1to1
00103fac 000000a4 t MapNto1.isra.2
00104050 000005a8 T SDL_AllocFormat
001045f8 000000d0 T SDL_ReallocFormat
001046c8 0000005c T SDL_FormatChanged
00104724 00000040 T SDL_FreeFormat
00104764 00000060 T SDL_DitherColors
001047c4 00000054 T SDL_CalculatePitch
00104818 000000bc T SDL_MapRGB
001048d4 000000d0 T SDL_GetRGB
001049a4 0000008c T SDL_AllocBlitMap
00104a30 00000034 T SDL_InvalidateMap
00104a64 0000032c T SDL_MapSurface
00104d90 0000004c T SDL_FreeBlitMap
00104ddc 00000108 T SDL_SetColorKey
00104ee4 0000018c T SDL_SetAlpha
00105070 000000ac T SDL_SetClipRect
0010511c 00000120 T SDL_LowerBlit
0010523c 000001c8 T SDL_UpperBlit
00105404 00000554 T SDL_FillRect
00105958 0000009c T SDL_LockSurface
001059f4 00000064 T SDL_UnlockSurface
00105a58 0000014c T SDL_FreeSurface
00105ba4 0000024c T SDL_CreateRGBSurface
00105df0 00000378 T SDL_ConvertSurface
00106168 00000018 T SDL_GetVideoInfo
00106180 00000164 T SDL_VideoModeOK
001062e4 0000005c T SDL_DisplayFormat
00106340 000002e0 T SDL_Flip
00106620 00000160 T SDL_VideoQuit
00106780 0000020c T SDL_VideoInit
0010698c 000000f0 T SDL_WM_GrabInput
00106a7c 00000840 T SDL_SetVideoMode
001072bc 000000e8 t SDL_JoystickClose.part.1
001073a4 00000068 T SDL_JoystickInit
0010740c 000000a4 T SDL_JoystickQuit
001074b0 0000009c T SDL_PrivateJoystickAxis
0010754c 000000ac T SDL_PrivateJoystickButton
001075f8 0000003c T SDL_JoystickUpdate
00107634 00000010 T SDL_StartTicks
00107644 00000058 T SDL_GetTicks
0010769c 00000010 T SDL_Delay
001076ac 00000008 T SDL_SYS_TimerInit
001076b4 00000004 T SDL_SYS_TimerQuit
001076b8 00000004 T SDL_SYS_StopTimer
001076bc 00000008 t N3DSAUD_Available
001076c4 0000000c t N3DSAUD_GetAudioBuf
001076d0 000000a8 t N3DSAUD_CreateDevice
00107778 00000040 t N3DSAUD_CloseAudio
001077b8 00000048 t N3DSAUD_DeleteDevice
00107800 00000258 t N3DSAUD_OpenAudio
00107a58 000000a4 t N3DSAUD_PlayAudio
00107afc 00000088 t N3DSAUD_WaitAudio
00107b84 00000018 T SDL_SYS_JoystickInit
00107b9c 000002cc T SDL_SYS_JoystickUpdate
00107e68 00000004 T SDL_SYS_JoystickClose
00107e6c 00000004 T SDL_SYS_JoystickQuit
00107e70 0000005c T SDL_CreateMutex
00107ecc 00000028 T SDL_DestroyMutex
00107ef4 00000060 T SDL_mutexP
00107f54 00000078 T SDL_mutexV
00107fcc 00000038 T SDL_CreateSemaphore
00108004 00000034 T SDL_DestroySemaphore
00108038 0000003c T SDL_SemWait
00108074 0000005c T SDL_SemPost
001080d0 00000004 T ThreadEntry
001080d4 000000ac T SDL_SYS_CreateThread
00108180 00000004 T SDL_SYS_SetupThread
00108184 00000028 T SDL_ThreadID
001081ac 00000010 T SDL_SYS_WaitThread
001081bc 00000058 t task_apt_hook
00108214 0000003c T task_init
00108250 0000000c T task_exit
0010825c 00000230 T N3DS_PumpEvents
0010848c 000000cc T N3DS_InitOSKeymap
00108558 00000008 t N3DS_Available
00108560 00000008 t N3DS_ListModes
00108568 00000008 t N3DS_AllocHWSurface
00108570 00000008 t N3DS_LockHWSurface
00108578 00000004 t N3DS_UnlockHWSurface
0010857c 00000058 t N3DS_SetColors
001085d4 00000024 t N3DS_DeleteDevice
001085f8 00000150 t N3DS_CreateDevice
00108748 00000054 t N3DS_VideoInit
0010879c 00000194 t N3DS_FlipHWSurface.part.5
0010879c 00000194 t N3DS_UpdateRects.part.6
00108930 00000040 t N3DS_FlipHWSurface
00108970 0000002c t N3DS_UpdateRects
0010899c 00000004 t N3DS_FreeHWSurface
001089a0 000000f4 t N3DS_VideoQuit
00108a94 000000e8 T N3DS_ToggleFullScreen
00108b7c 00000968 t N3DS_SetVideoMode
001094e4 00000120 T drawTexture
00109608 00000328 t videoThread
00109930 000000ec t SDL_GobbleEvents
00109a1c 00000068 T SDL_Lock_EventThread
00109a84 00000044 T SDL_Unlock_EventThread
00109ac8 00000078 T SDL_StopEventLoop
00109b40 000001a4 T SDL_StartEventLoop
00109ce4 000002a4 T SDL_PeepEvents
00109f88 000000e8 T SDL_PushEvent
0010a070 00000bb8 T SDL_KeyboardInit
0010ac28 00000004 T SDL_KeyboardQuit
0010ac2c 0000020c T SDL_ResetKeyboard
0010ae38 0000037c T SDL_PrivateKeyboard
0010b1b4 00000090 T SDL_CheckKeyRepeat
0010b244 00000060 T SDL_MouseInit
0010b2a4 00000004 T SDL_MouseQuit
0010b2a8 000003f4 T SDL_ResetMouse
0010b69c 00000038 T SDL_GetMouseState
0010b6d4 00000044 T SDL_GetRelativeMouseState
0010b718 0000001c T SDL_SetMouseRange
0010b734 0000020c T SDL_PrivateMouseMotion
0010b940 0000022c T SDL_PrivateMouseButton
0010bb6c 00000070 t SDL_HandleSIG
0010bbdc 00000048 T SDL_QuitInit
0010bc24 00000050 T SDL_QuitQuit
0010bc74 000000e0 T SDL_PrivateResize
0010bd54 0000002c T SDL_revcpy
0010bd80 0000004c T SDL_memcmp
0010bdcc 0000010c t copy_opaque_16
0010bed8 000000d0 t uncopy_opaque_16
0010bfa8 000000c4 t copy_transl_565
0010c06c 000000c4 t copy_transl_555
0010c130 000000c8 t uncopy_transl_16
0010c1f8 000000a8 t copy_32
0010c2a0 000000bc t uncopy_32
0010c35c 00000008 t getpix_8
0010c364 00000008 t getpix_16
0010c36c 00000018 t getpix_24
0010c384 00000008 t getpix_32
0010c38c 0000253c T SDL_RLEBlit
0010e8c8 00000974 T SDL_RLEAlphaBlit
0010f23c 00000298 T SDL_UnRLESurface
0010f4d4 00000d60 T SDL_RLESurface
00110234 000001b4 t SDL_SoftBlit
001103e8 000000a4 t SDL_BlitCopyOverlap
0011048c 0000005c t SDL_BlitCopy
001104e8 0000035c T SDL_CalculateBlit
00110844 00000114 t BlitBto1
00110958 000000ac t BlitBto2
00110a04 000000bc t BlitBto3
00110ac0 000000b0 t BlitBto4
00110b70 00000134 t BlitBto1Key
00110ca4 000000c4 t BlitBto2Key
00110d68 000000b8 t BlitBto4Key
00110e20 0000028c t BlitBtoNAlpha
001110ac 000002a8 t BlitBtoNAlphaKey
00111354 000000b4 t BlitBto3Key
00111408 000000b4 T SDL_CalculateBlit0
001114bc 00000100 t Blit1to1
001115bc 00000134 t Blit1to2
001116f0 000001b4 t Blit1to3
001118a4 0000018c t Blit1to4
00111a30 0000027c t Blit1to1Key
00111cac 00000188 t Blit1to2Key
00111e34 0000023c t Blit1to3Key
00112070 00000170 t Blit1to4Key
001121e0 00000840 t Blit1toNAlpha
00112a20 00000d2c t Blit1toNAlphaKey
0011374c 000000a0 T SDL_CalculateBlit1
001137ec 00000474 t Blit_RGB888_index8
00113c60 000001d0 t Blit_RGB888_RGB555
00113e30 000001b8 t Blit_RGB888_RGB565
00113fe8 000001d4 t Blit_RGB565_RGBA8888
001141bc 0000026c t Blit_RGB888_index8_map
00114428 00000b18 t BlitNto1
00114f40 000001fc t Blit4to4MaskAlpha
0011513c 0000100c t BlitNtoN
00116148 0000022c t BlitNtoNCopyAlpha
00116374 000013c8 t BlitNto1Key
0011773c 0000017c t Blit2to2Key
001178b8 00000cd8 t BlitNtoNKey
00118590 00001430 t BlitNtoNKeyCopyAlpha
001199c0 000001d4 t Blit_RGB565_BGRA8888
00119b94 000001d4 t Blit_RGB565_ARGB8888
00119d68 000001d4 t Blit_RGB565_ABGR8888
00119f3c 000002ac T SDL_CalculateBlitN
0011a1e8 0000004c T SDL_HasMMX
0011a234 00000018 T SDL_AppActiveInit
0011a24c 00000004 T SDL_AppActiveQuit
0011a250 00000534 t BlitNto1SurfaceAlpha
0011a784 00000590 t BlitNto1PixelAlpha
0011ad14 00000df4 t BlitNto1SurfaceAlphaKey
0011bb08 000003d8 t BlitRGBtoRGBSurfaceAlpha
0011bee0 00000294 t BlitRGBtoRGBPixelAlpha
0011c174 00000438 t Blit555to555SurfaceAlpha
0011c5ac 000002a8 t BlitARGBto565PixelAlpha
0011c854 000002a4 t BlitARGBto555PixelAlpha
0011caf8 00000d60 t BlitNtoNSurfaceAlpha
0011d858 00000a74 t BlitNtoNSurfaceAlphaKey
0011e2cc 00000dbc t BlitNtoNPixelAlpha
0011f088 00000438 t Blit565to565SurfaceAlpha
0011f4c0 00000224 T SDL_CalculateAlphaBlit
0011f6e4 000000c4 t C3Di_SplitFrame.part.1
0011f7a8 00000004 W C3Di_LightEnvUpdate
0011f7ac 00000004 W C3Di_LightEnvDirty
0011f7b0 00000004 W C3Di_ProcTexUpdate
0011f7b4 00000004 W C3Di_ProcTexDirty
0011f7b8 0000008c t C3Di_AptEventHook
0011f844 0000020c T C3D_Init
0011fa50 00000098 T C3D_SetViewport
0011fae8 00000490 T C3Di_UpdateContext
0011ff78 00000020 T C3Di_SplitFrame
0011ff98 00000064 T C3D_Fini
0011fffc 00000110 T C3D_BindProgram
0012010c 00000054 t C3Di_RenderQueueInit
00120160 00000080 t C3Di_RenderTargetDestroy
001201e0 000000cc t onVBlank1
001202ac 000001b4 t onVBlank0
00120460 0000000c t C3Di_RenderTargetNew
0012046c 0000008c t C3Di_WaitAndClearQueue
001204f8 000000bc t onQueueFinish
001205b4 0000003c t C3D_FrameSplit.part.5
001205f0 00000030 T C3D_FrameSync
00120620 000000a0 T C3Di_RenderQueueExit
001206c0 00000020 T C3Di_RenderQueueWaitDone
001206e0 0000007c T C3D_FrameBegin
0012075c 00000048 T C3D_FrameDrawOn
001207a4 00000180 T C3D_FrameEnd
00120924 0000016c T C3D_RenderTargetCreate
00120a90 0000003c T C3D_RenderTargetDelete
00120acc 00000038 T C3D_RenderTargetSetClear
00120b04 0000004c T C3D_RenderTargetSetOutput
00120b50 00000064 T C3D_SafeDisplayTransfer
00120bb4 0000026c T C3D_TexInitWithParams
00120e20 00000048 T C3D_TexBind
00120e68 00000174 T C3Di_SetTex
00120fdc 0000001c T C3D_CalcColorBufSize
00120ff8 0000001c T C3D_CalcDepthBufSize
00121014 00000044 T C3D_SetFrameBuf
00121058 00000168 T C3Di_FrameBufBind
001211c0 000000c8 T C3D_FrameBufClear
00121288 0000004c T C3D_FrameBufTransfer
001212d4 00000024 T TexEnv_Init
001212f8 00000034 T C3D_GetTexEnv
0012132c 00000024 T C3Di_TexEnvBind
00121350 00000024 T BufInfo_Init
00121374 00000024 T C3D_GetBufInfo
00121398 00000048 T C3Di_BufInfoBind
001213e0 00000040 T C3D_DepthMap
00121420 0000001c T C3D_CullFace
0012143c 00000040 T C3D_StencilTest
0012147c 00000024 T C3D_StencilOp
001214a0 0000001c T C3D_BlendingColor
001214bc 00000024 T C3D_EarlyDepthTest
001214e0 0000002c T C3D_DepthTest
0012150c 0000002c T C3D_AlphaTest
00121538 00000050 T C3D_AlphaBlend
00121588 00000030 T C3D_FragOpMode
001215b8 00000044 T C3D_FragOpShadow
001215fc 00000174 T C3Di_EffectBind
00121770 00000028 T AttrInfo_Init
00121798 0000008c T AttrInfo_AddLoader
00121824 00000024 T C3D_GetAttrInfo
00121848 00000080 T C3Di_AttrInfoBind
001218c8 000000b8 T C3D_ImmDrawBegin
00121980 000000b4 T C3D_ImmSendAttrib
00121a34 00000074 T C3D_ImmDrawEnd
00121aa8 00000288 T C3D_UpdateUniforms
00121d30 000000c0 T C3Di_DirtyUniforms
00121df0 000000e4 T C3Di_LoadShaderUniforms
00121ed4 00000028 T C3Di_ClearShaderUniforms
00121efc 000000cc T Mtx_OrthoTilt
00121fc8 00000024 t addrMapNodeComparator(rbtree_node const*, rbtree_node const*)
00121fec 00000004 t addrMapNodeDestructor(rbtree_node*)
00121ff0 00000110 T vramMemAlign
00122100 00000008 T vramAlloc
00122108 00000050 T vramFree
00122158 00000024 t addrMapNodeComparator(rbtree_node const*, rbtree_node const*)
0012217c 00000004 t addrMapNodeDestructor(rbtree_node*)
00122180 0000011c T linearMemAlign
0012229c 00000008 T linearAlloc
001222a4 00000050 T linearFree
001222f4 00000098 T MemPool::CoalesceRight(MemBlock*)
0012238c 0000016c T MemPool::Allocate(MemChunk&, unsigned long, int)
001224f8 000000fc T MemPool::Deallocate(MemChunk const&)
001225f4 00000008 t romfs_close
001225fc 000000cc t romfs_seek
001226c8 00000028 t romfs_dirreset
001226f0 00000078 t romfs_fstat
00122768 0000005c t _romfs_read_chk
001227c4 000000e8 t romfs_read
001228ac 0000007c t romfs_free
00122928 0000016c t romfsMountCommon
00122a94 00000254 t romfs_dirnext
00122ce8 000000d0 t romfsInitMtime.isra.4
00122db8 000000b4 t searchForFile.constprop.7
00122e6c 000000b8 t searchForDir.constprop.8
00122f24 000001b8 t navigateToDir.constprop.6
001230dc 00000130 t romfs_open
0012320c 00000210 t romfs_stat
0012341c 00000054 t romfs_chdir
00123470 00000078 t romfs_diropen
001234e8 00000008 t romfs_dirclose
001234f0 00000344 T romfsMount
00123834 00000058 t getSysTime
0012388c 00000028 t __ctru_speedup_config.part.0
001238b4 0000004c T osConvertVirtToPhys
00123900 00000024 T osGetMemRegionUsed
00123928 00000128 T __libctru_gtod
00123a50 00000018 T __ctru_speedup_config
00123a68 000001c0 T consoleDrawChar
00123c28 00000128 T consolePrintChar
00123d50 00000184 t consoleCls
00123ed4 00000104 T consoleInit
00123fd8 00000138 t consoleClearLine
00124110 000000c0 t newRow
001241d0 00000810 T con_write
001249e0 0000008c t gfxSetFramebufferInfo.part.0
00124a6c 00000010 T gfxSet3D
00124a7c 00000010 T gfxIs3D
00124a8c 00000018 T __get_bytes_per_pixel
00124aa4 00000184 T gfxSetScreenFormat
00124c28 00000010 T gfxSetDoubleBuffering
00124c38 0000006c T gfxSetFramebufferInfo
00124ca4 000000b0 T gfxWriteFramebufferInfo
00124d54 00000210 T gfxInit
00124f64 00000010 T gfxInitDefault
00124f74 000000e0 T gfxExit
00125054 000000a8 T gfxGetFramebuffer
001250fc 000000e8 T gfxFlushBuffers
001251e4 00000060 T gfxConfigScreen
00125244 00000020 T gfxSwapBuffersGpu
00125264 0000001c t threadFree.part.0
00125280 000001ac T threadCreate
0012542c 00000024 T threadGetHandle
00125450 00000024 T threadJoin
00125474 00000030 T threadGetCurrent
001254a4 00000064 T threadExit
00125508 00000040 t _thread_begin
00125548 000001f0 T shaderInstanceInit
00125738 00000034 T shaderInstanceFree
0012576c 00000018 T shaderInstanceGetUniformLocation
00125784 00000018 T shaderProgramInit
0012579c 0000002c T shaderProgramFree
001257c8 0000006c T shaderProgramSetVsh
00125834 000008c4 T shaderProgramConfigure
001260f8 000001f8 t DVLE_GenerateOutmap.part.0
001262f0 000001c8 T DVLB_ParseFile
001264b8 00000038 T DVLB_Free
001264f0 00000078 T DVLE_GetUniformRegister
00126568 00000038 t submitGxCommand
001265a0 00000010 T GX_BindQueue
001265b0 00000050 T GX_ProcessCommandList
00126600 00000054 T GX_MemoryFill
00126654 00000048 T GX_DisplayTransfer
0012669c 00000074 t gxCmdQueueDoCommands.part.0
00126710 000000c8 T gxCmdQueueInterrupt
001267d8 00000050 T gxCmdQueueClear
00126828 000000f8 T gxCmdQueueAdd
00126920 00000080 T gxCmdQueueRun
001269a0 00000060 T gxCmdQueueStop
00126a00 00000084 T gxCmdQueueWait
00126a84 00000130 T GPUCMD_Add
00126bb4 000000b4 T GPUCMD_Split
00126c68 00000034 T f32tof16
00126c9c 00000034 T f32tof24
00126cd0 00000038 T f32tof31
00126d08 00000150 t ndspUpdateMaster
00126e58 000000f0 t ndspFinalize
00126f48 0000027c t ndspInitialize
001271c4 00000078 t ndspAptHook
0012723c 00000168 t ndspSync
001273a4 000000f8 t ndspThreadMain
0012749c 00000384 T ndspInit
00127820 000000fc T ndspExit
0012791c 00000034 T ndspSetOutputMode
00127950 0000009c T ndspChnReset
001279ec 00000018 T ndspChnSetFormat
00127a04 00000048 T ndspChnSetInterp
00127a4c 0000005c T ndspChnSetRate
00127aa8 00000088 T ndspChnSetMix
00127b30 00000064 T ndspChnWaveBufClear
00127b94 000000b8 T ndspChnWaveBufAdd
00127c4c 00000034 T ndspiInitChn
00127c80 00000028 T ndspiDirtyChn
00127ca8 00000498 T ndspiUpdateChn
00128140 00000190 T ndspiReadChnState
001282d0 000000a4 T cfguInit
00128374 0000003c T cfguExit
001283b0 00000044 T CFGU_GetConfigInfoBlk2
001283f4 0000003c T dspExit
00128430 0000004c T DSP_FlushDataCache
0012847c 00000034 T DSP_SetSemaphore
001284b0 00000034 T DSP_SetSemaphoreMask
001284e4 00000038 T DSP_GetSemaphoreHandle
0012851c 00000060 T DSP_LoadComponent
0012857c 0000002c T DSP_UnloadComponent
001285a8 00000088 T dspInit
00128630 00000044 T DSP_RegisterInterruptEvents
00128674 00000070 T DSP_ReadPipeIfPossible
001286e4 0000004c T DSP_WriteProcessPipe
00128730 00000040 T DSP_ConvertProcessAddressFromDspDram
00128770 00000040 T DSP_RecvData
001287b0 0000004c T DSP_RecvDataIsReady
001287fc 00000074 T gspInit
00128870 0000003c T gspExit
001288ac 00000034 T gspSetEventCallback
001288e0 000000a0 T gspInitEventHandler
00128980 00000040 T gspExitEventHandler
001289c0 00000044 T gspWaitForEvent
00128a04 00000064 T gspWaitForAnyEvent
00128a68 00000174 t gspEventThreadMain
00128bdc 00000124 T gspSubmitGxCommand
00128d00 0000006c T GSPGPU_SetBufferSwap
00128d6c 0000004c T GSPGPU_FlushDataCache
00128db8 00000034 T GSPGPU_SetLcdForceBlack
00128dec 00000064 T GSPGPU_RegisterInterruptRelayQueue
00128e50 0000002c T GSPGPU_UnregisterInterruptRelayQueue
00128e7c 00000048 T GSPGPU_AcquireRight
00128ec4 0000002c T GSPGPU_ReleaseRight
00128ef0 00000080 T GSPGPU_ImportDisplayCaptureInfo
00128f70 0000002c T GSPGPU_SaveVramSysArea
00128f9c 0000002c T GSPGPU_RestoreVramSysArea
00128fc8 00000004 W _aptDebug
00128fcc 0000015c T aptSendCommand
00129128 0000003c t aptExitProcess
00129164 00000034 T aptHook
00129198 0000002c T aptUnhook
001291c4 0000004c T APT_InquireNotification
00129210 0000019c t aptEventHandler
001293ac 00000074 T APT_AppletUtility
00129420 000000b0 T aptSetSleepAllowed
001294d0 000000b0 T APT_GlanceParameter
00129580 000000c4 T APT_ReceiveParameter
00129644 000000bc t aptReceiveParameter.constprop.1
00129700 000001e8 t aptScreenTransfer
001298e8 00000210 t aptWaitForWakeUp
00129af8 00000070 T APT_CancelParameter
00129b68 00000270 T aptInit
00129dd8 00000088 t aptClearParamQueue
00129e60 000001e4 t aptMainLoop.part.0
0012a044 0000001c T aptMainLoop
0012a060 0000024c T aptExit
0012a2ac 0000007c T APT_CheckNew3DS
0012a328 000000d0 T hidExit
0012a3f8 0000026c T hidScanInput
0012a664 00000010 T hidKeysHeld
0012a674 00000010 T hidKeysDown
0012a684 00000010 T hidKeysUp
0012a694 00000018 T hidTouchRead
0012a6ac 00000018 T hidCircleRead
0012a6c4 00000090 T HIDUSER_GetHandles
0012a754 000001a8 T hidInit
0012a8fc 00000074 T ptmSysmInit
0012a970 0000003c T ptmSysmExit
0012a9ac 00000034 T PTMSYSM_ConfigureNew3DSCPU
0012a9e0 00000028 t fsSessionForArchive.part.0
0012aa08 000000d0 T fsInit
0012aad8 0000003c T fsExit
0012ab14 00000074 T fsExemptFromSession
0012ab88 00000050 T fsUnexemptFromSession
0012abd8 000000c0 T FSUSER_OpenFile
0012ac98 000000d4 T FSUSER_OpenFileDirectly
0012ad6c 000000a8 T FSUSER_DeleteFile
0012ae14 000000e0 T FSUSER_RenameFile
0012aef4 000000a8 T FSUSER_DeleteDirectory
0012af9c 000000c0 T FSUSER_CreateFile
0012b05c 000000b0 T FSUSER_CreateDirectory
0012b10c 000000e0 T FSUSER_RenameDirectory
0012b1ec 000000a4 T FSUSER_OpenDirectory
0012b290 00000098 T FSUSER_OpenArchive
0012b328 0000009c T FSUSER_ControlArchive
0012b3c4 00000074 T FSUSER_CloseArchive
0012b438 00000078 T FSUSER_GetSdmcArchiveResource
0012b4b0 00000064 T FSUSER_IsSdmcWritable
0012b514 00000058 T FSFILE_Read
0012b56c 00000064 T FSFILE_Write
0012b5d0 00000038 T FSFILE_GetSize
0012b608 00000028 T FSFILE_SetSize
0012b630 0000003c T FSFILE_Close
0012b66c 00000024 T FSFILE_Flush
0012b690 00000054 T FSDIR_Read
0012b6e4 0000003c T FSDIR_Close
0012b720 00000014 T rbtree_init
0012b734 0000018c t do_insert
0012b8c0 00000008 T rbtree_insert
0012b8c8 00000094 T rbtree_rotate
0012b95c 0000032c T rbtree_remove
0012bc88 0000006c T rbtree_find
0012bcf4 000000e8 T utf16_to_utf8
0012bddc 00000060 T decode_utf16
0012be3c 000000c0 T utf8_to_utf16
0012befc 00000038 W __libctru_init
0012bf34 00000030 t __ctru_get_reent
0012bf64 000000e4 T __system_initSyscalls
0012c048 00000104 W __system_allocateHeaps
0012c14c 000000ec T __system_initArgv
0012c238 T svcControlMemory
0012c258 T svcExitProcess
0012c260 T svcCreateThread
0012c280 T svcExitThread
0012c288 T svcSleepThread
0012c290 T svcGetThreadPriority
0012c2a4 T svcReleaseMutex
0012c2ac T svcCreateSemaphore
0012c2c0 T svcReleaseSemaphore
0012c2d4 T svcCreateEvent
0012c2e8 T svcSignalEvent
0012c2f0 T svcClearEvent
0012c2f8 T svcMapMemoryBlock
0012c300 T svcUnmapMemoryBlock
0012c308 T svcCreateAddressArbiter
0012c31c T svcArbitrateAddress
0012c334 T svcCloseHandle
0012c33c T svcWaitSynchronization
0012c344 T svcWaitSynchronizationN
0012c36c T svcDuplicateHandle
0012c380 T svcGetSystemTick
0012c388 T svcGetSystemInfo
0012c3a0 T svcConnectToPort
0012c3b4 T svcSendSyncRequest
0012c3bc T svcGetThreadId
0012c3d0 T svcBreak
0012c3d8 00000024 t addrMapNodeComparator(rbtree_node const*, rbtree_node const*)
0012c3fc 00000004 t addrMapNodeDestructor(rbtree_node*)
0012c400 000000e4 T mappableAlloc
0012c4e4 00000050 T mappableFree
0012c534 00000034 t LightLock_Unlock.part.1
0012c568 0000000c T __sync_init
0012c574 00000018 T __sync_fini
0012c58c 00000010 T __sync_get_arbiter
0012c59c 00000018 T LightLock_Init
0012c5b4 0000009c T LightLock_Lock
0012c650 00000034 T LightLock_TryLock
0012c684 00000020 T LightLock_Unlock
0012c6a4 00000024 T RecursiveLock_Init
0012c6c8 00000030 T RecursiveLock_Lock
0012c6f8 00000058 T RecursiveLock_TryLock
0012c750 00000038 T RecursiveLock_Unlock
0012c788 00000038 T LightEvent_Init
0012c7c0 0000007c T LightEvent_Clear
0012c83c 000000dc T LightEvent_Signal
0012c918 000000bc T LightEvent_Wait
0012c9d4 00000084 T envGetHandle
0012ca58 0000004c T envDestroyHandles
0012caa4 00000058 T srvExit
0012cafc 00000038 T srvRegisterClient
0012cb34 000000c4 T srvInit
0012cbf8 0000006c T srvGetServiceHandleDirect
0012cc64 00000038 T srvGetServiceHandle
0012cc9c 000000ac T irrstScanInput
0012cd48 00000024 T irrstKeysHeld
0012cd6c 00000050 T IRRST_GetHandles
0012cdbc 00000158 T irrstInit
0012cf14 0000002c T IRRST_Shutdown
0012cf40 000000ac T irrstExit
0012cfec 0000000c T srvPmGetSessionHandle
0012cff8 00000074 T rbtree_node_next
0012d06c 00000068 T encode_utf16
0012d0d4 00000104 T encode_utf8
0012d1d8 00000138 T decode_utf8
0012d310 0000001c W __appInit
0012d32c 0000001c W __appExit
0012d348 000000a4 W __libctru_exit
0012d3ec 00000010 t sdmc_link
0012d3fc 00000010 t sdmc_dirreset
0012d40c 00000010 t sdmc_chmod
0012d41c 00000024 t error_cmp
0012d440 00000050 t sdmc_translate_error
0012d490 00000034 t sdmc_fsync
0012d4c4 00000054 t sdmc_ftruncate
0012d518 000000b8 t sdmc_statvfs
0012d5d0 00000038 t sdmc_dirclose
0012d608 00000138 t sdmc_dirnext
0012d740 00000034 t sdmc_close
0012d774 00000074 t sdmc_fstat
0012d7e8 000000d0 t sdmc_seek
0012d8b8 00000084 t sdmc_read
0012d93c 000000c0 t sdmc_write
0012d9fc 000001a8 t sdmc_utf16path
0012dba4 00000074 t sdmc_rmdir
0012dc18 000000a0 t sdmc_diropen
0012dcb8 000000a0 t sdmc_chdir
0012dd58 00000098 t sdmc_mkdir
0012ddf0 00000108 t sdmc_rename
0012def8 00000074 t sdmc_unlink
0012df6c 00000108 t sdmc_stat
0012e074 00000198 t sdmc_open
0012e20c 00000010 t sdmc_fchmod
0012e21c 00000168 T sdmcInit
0012e384 00000060 T sdmcExit
0012e3e4 T __aeabi_read_tp
0012e3f0 00000158 T __udivmoddi4
0012e548 0000000c T atoi
0012e554 00000074 T bsearch
0012e5c8 00000020 T calloc
0012e5e8 00000090 T _calloc_r
0012e678 0000000c T __errno
0012e684 00000164 T _fclose_r
0012e7e8 00000018 T fclose
0012e800 0000026c T __sflush_r
0012ea6c 00000094 T _fflush_r
0012eb00 00000038 T fflush
0012eb38 0000000c T _cleanup_r
0012eb44 00000078 t std.isra.0
0012ebbc 00000048 T __sfmoreglue
0012ec04 0000008c T __sinit
0012ec90 00000110 T __sfp
0012eda0 0000000c T __sfp_lock_acquire
0012edac 0000000c T __sfp_lock_release
0012edb8 00000040 T __libc_fini_array
0012edf8 00000140 T _fopen_r
0012ef38 00000020 T fopen
0012ef58 000002e4 T _fread_r
0012f23c 00000038 T fread
0012f274 000000f8 T _malloc_trim_r
0012f36c 000002e4 T _free_r
0012f650 00000004 T _fseek_r
0012f654 00000030 T fseek
0012f684 000005d0 T _fseeko_r
0012fc54 00000034 T ftell
0012fc88 00000198 T _ftello_r
0012fe20 00000070 T _fwalk
0012fe90 00000078 T _fwalk_reent
0012ff08 000000f8 T _fwrite_r
00130000 00000038 T fwrite
00130038 00000024 T getenv
0013005c 000000c8 T _findenv_r
00130124 0000007c T __libc_init_array
001301a0 00000024 T __locale_mb_cur_max
001301c4 00000008 T __locale_ctype_ptr_l
001301cc 00000024 T __locale_ctype_ptr
001301f0 00000094 T __swhatbuf_r
00130284 000000f4 T __smakebuf_r
00130378 00000020 T memalign
00130398 00000158 T _memalign_r
001304f0 00000018 T malloc
00130508 00000018 T free
00130520 000007a8 T _malloc_r
00130cc8 000002fc T __utf8_mbtowc
00130fc4 00000100 T memchr
001310c4 000000fc T memcmp
001311c0 0000010c T memcpy
001312cc 0000013c T memmove
00131408 00000110 T memset
00131518 0000000c T __malloc_lock
00131524 0000000c T __malloc_unlock
00131530 00000038 T printf
00131568 00000020 T realloc
00131588 000004d0 T _realloc_r
00131a58 0000001c t lflush
00131a74 000001ac T __srefill_r
00131c20 00000264 T setvbuf
00131e84 00000044 t _init_signal_r.part.0
00131ec8 00000058 T _signal_r
00131f20 00000098 T _raise_r
00131fb8 00000018 T raise
00131fd0 00000020 T signal
00131ff0 000000c8 T snprintf
001320b8 00000074 T sscanf
0013212c 0000003c T __sread
00132168 00000008 T __seofread
00132170 00000064 T __swrite
001321d4 0000004c T __sseek
00132220 00000008 T __sclose
00132228 00000068 T strcasecmp
00132290 00000180 T strchr
00132410 000000f0 T strcpy
00132500 00000054 T strlcpy
00132554 0000005c T strlen
001325b0 00000098 T strncat
00132648 000000f8 T strncmp
00132740 000000d8 T strncpy
00132818 0000005c T strnlen
00132874 000001bc t _strtol_l.isra.0
00132a30 00000050 T _strtol_r
00132a80 00000054 T strtol
00132ad4 000074a0 t get_arg
00139f78 00003e24 T _svfprintf_r
0013dd9c 000027c8 T __ssvfscanf_r
00140564 00000020 T gettimeofday
00140584 00000038 T time
001405bc 0000001c t __sprint_r.part.0
001405d8 0000001c T __sprint_r
001405f4 000074a0 t get_arg
00147a98 00003fd8 T _vfprintf_r
0014ba70 000000d0 t __sbprintf
0014bb40 000000a0 T _wcrtomb_r
0014bbe0 00000020 T _wcsrtombs_r
0014bc00 000000e8 T __utf8_wctomb
0014bce8 00000148 T __swsetup_r
0014be30 000001bc t quorem
0014bff0 00001224 T _dtoa_r
0014d214 0000000c T __env_lock
0014d220 0000000c T __env_unlock
0014d22c 000000b0 T __sflags
0014d2dc 00000498 T __sfvwrite_r
0014d774 00000074 T iswspace
0014d7e8 000001e0 t __jp2uc
0014d9c8 000000c4 T _jp2uc
0014da8c 00000008 T __localeconv_l
0014da94 00000024 T _localeconv_r
0014dab8 000000b4 T _mbrtowc_r
0014db6c 00000088 T _Balloc
0014dbf4 0000001c T _Bfree
0014dc10 000000d0 T __multadd
0014dce0 000000e0 T __s2b
0014ddc0 00000058 T __hi0bits
0014de18 0000009c T __lo0bits
0014deb4 00000020 T __i2b
0014ded4 000001d4 T __multiply
0014e0a8 00000100 T __pow5mult
0014e1a8 000000e8 T __lshift
0014e290 0000005c T __mcmp
0014e2ec 00000168 T __mdiff
0014e454 00000078 T __ulp
0014e4cc 000000d0 T __b2d
0014e59c 00000104 T __d2b
0014e6a0 00000084 T __ratio
0014e724 00000088 T __copybits
0014e7ac 00000078 T __any_on
0014e828 0000009c T frexp
0014e8c4 000000cc T __sccl
0014e990 0000000c T nanf
0014e99c 00000064 T sprintf
0014ea00 000000f8 T stpncpy
0014eaf8 00000054 t sulp
0014eb50 00001464 T _strtod_l
0014ffb4 0000003c T _strtod_r
0014fff0 00000274 t _strtoll_l.isra.0
00150264 00000050 T _strtoll_r
001502b4 000001d0 t _strtoul_l.isra.0
00150484 00000050 T _strtoul_r
001504d8 00000260 t _strtoull_l.isra.0
00150738 00000050 T _strtoull_r
00150788 00000188 T __ssprint_r
00150910 000000dc T _sungetc_r
001509ec 0000006c T __ssrefill_r
00150a58 000000c8 T _sfread_r
00150b20 000000a4 T __submore
00150bc4 00000170 T _wcsnrtombs_l
00150d34 00000064 T _wcsnrtombs_r
00150d98 00000104 t rshift
00150e9c 000007f8 T __gethex
00151694 00000060 T __match
001516f4 00000254 T __hexnan
00151948 00000008 t null_write
00151950 00000018 T setDefaultDevice
00151968 000000cc T FindDevice
00151a34 00000028 T RemoveDevice
00151a5c 00000098 T AddDevice
00151af4 00000084 T _close_r
00151b78 00000074 T _fstat_r
00151bec 00000010 T _getpid_r
00151bfc 0000002c T _gettimeofday_r
00151c28 00000008 T _isatty_r
00151c30 00000010 T _kill_r
00151c40 00000084 T _lseek_r
00151cc4 000000c4 T _open_r
00151d88 00000080 T _read_r
00151e08 00000070 T _sbrk_r
00151e78 00000080 T _write_r
00151ef8 000001cc T _concatenate_path
001520c4 0000015c T chdir
00152220 00000008 T __flockfile
00152228 00000008 T __funlockfile
00152230 00000018 T __libc_lock_acquire
00152248 00000018 T __libc_lock_release
00152260 00000018 T __libc_lock_init_recursive
00152278 00000018 T __libc_lock_acquire_recursive
00152290 00000018 T __libc_lock_release_recursive
001522a8 00000018 T __libc_lock_close_recursive
001522c0 0000008c T __release_handle
0015234c 000000b4 T __alloc_handle
00152400 00000018 T __get_handle
00152418 00000028 T __getreent
00152440 00000044 T strrchr
00152484 T _fini
00153000 R vshader_shbin
00153124 R vshader_shbin_end
00153124 R vshader_shbin_size
0015314c R default_font_bin
0015394c R default_font_bin_end
0015394c R default_font_bin_size
00153a74 00000014 r SDL_fatal_signals
00153aa4 00000048 r format_list
00153f28 00000010 r clearcolors
00153f38 00000010 r displayTranferFlags
00153f5c 00000010 r textureTranferFlags
00154004 r .LC2
001546a8 00000010 r getpixes
001546d8 00000014 r bitmap_blit
001546ec 00000014 r colorkey_blit
00154700 00000014 r one_blit
00154714 00000014 r one_blitkey
00154728 00000800 r RGB565_ABGR8888_LUT
00154f28 00000800 r RGB565_ARGB8888_LUT
00155728 00000800 r RGB565_BGRA8888_LUT
00155f28 00000800 r RGB565_RGBA8888_LUT
00156728 00000010 r normal_blit
00156738 0000002c r normal_blit_1
00156764 000000dc r normal_blit_2
00156840 0000002c r normal_blit_3
0015686c 00000084 r normal_blit_4
001568f0 00000038 r CSWTCH.19
00156928 00000005 r colorFmtSizes
00156930 00000004 r depthFmtSizes
0015695c 00000030 r colorTable
001569e0 00000068 r dotab_stdout
00156a58 00000014 r CSWTCH.61
00156a6c 00000008 r framebufferInfoSt
00156a74 00000011 r dsp_filename.8601
00156b14 00000030 r error_table
00156b54 00000004 R _global_impure_ptr
00156bd4 00000010 r blanks.8562
00156be4 00000010 r zeroes.8563
00156bfc 00000022 r basefix.8603
00156c20 00000010 r blanks.8577
00156c30 00000010 r zeroes.8578
00156c40 00000101 R _ctype_
00156d68 000000bc r a1
00156e24 000000bc r a2
00156ee0 0000005b r a3
00156f3c 00000070 r a6
00156fac 000000a2 r a7
00157050 00000040 r a8
00157090 0000172a r b02cf
001587bc 00001a7c r d02f4
0015a238 00000028 R __mprec_bigtens
0015a260 000000c8 R __mprec_tens
0015a328 0000000c r p05.7353
0015a344 00000014 r fpi.7439
0015a358 00000014 r fpinan.7475
0015a370 00000028 r tinytens
0015a398 0000006c R __action_table
0015a404 00000100 R __chclass
0015a504 0000006c R __state_table
0015a570 00000100 R __hexdig
0015a678 00000068 R dotab_stdnull
0015a6e0 00000003 R DIRECTORY_PARENT
0015a6e4 r __EH_FRAME_BEGIN__
0015a6e4 R __exidx_end
0015a6e4 R __exidx_start
0015b000 W __stacksize__
0015b004 00000004 D SDL_cursorstate
0015b008 00000020 d default_cdata
0015b028 00000020 d default_cmask
0015b048 00000004 d palette_changed
0015b04c 00000020 d SDL_closest_depths
0015b06c 00000010 D N3DSAUD_bootstrap
0015b07c 00000010 D N3DS_bootstrap
0015b08c 00000004 d SDL_CPUFeatures
0015b090 00000004 d framerate
0015b094 00000008 d framerateCounter
0015b09c 00000068 d romFS_devoptab
0015b104 00000004 D currentConsole
0015b108 0000004c D defaultConsole
0015b154 00000001 d firstConsoleInit.7969
0015b155 00000001 d botFormat
0015b158 00000008 d doubleBuf
0015b160 00000001 d topFormat
0015b164 00000004 d queueLock
0015b168 00000004 d gspLastEvent
0015b16c 00000004 d aptFlags
0015b170 00000004 V __ctru_linear_heap_size
0015b174 00000401 d __cwd
0015b578 00000068 d sdmc_devoptab
0015b5e0 0000000c d __sfp_lock
0015b5ec 0000000c d __sinit_lock
0015b5f8 00000004 D _impure_ptr
0015b600 00000460 d impure_data
0015ba60 0000016c D __global_locale
0015bbcc 00000408 D __malloc_av_
0015bfd4 00000004 D __malloc_sbrk_base
0015bfd8 00000004 D __malloc_trim_threshold
0015bfdc 0000000c d __malloc_lock_object
0015bfe8 00000004 D environ
0015bfec 0000000c d __env_lock_object
0015bff8 00000004 d defaultDevice
0015bffc 00000040 D devoptab_list
0015c03c 00001000 d _current_working_directory
0015d03c 00000004 d __hndl_lock
0015d040 0000000c d __stderr_handle
0015d04c 0000000c d __stdin_handle
0015d058 0000000c d __stdout_handle
0015d064 00001000 d handles
0015e064 D __TMC_END__
0015e064 d __TMC_LIST__
0015e064 t __frame_dummy_init_array_entry
0015e064 T __init_array_start
0015e064 B __preinit_array_end
0015e064 B __preinit_array_start
0015e064 D __tdata_lma
0015e064 D __tdata_lma_end
0015e068 t __do_global_dtors_aux_fini_array_entry
0015e068 T __fini_array_start
0015e068 T __init_array_end
0015e06c T __bss_start__
0015e06c T __fini_array_end
0015e06c 00000004 B screen
0015e070 00000004 B message
0015e074 00000004 B background
0015e078 b saved_stack
0015e080 b completed.7759
0015e084 b object.7764
0015e09c 00000004 b SDL_initialized
0015e0a0 00000004 b ticks_started
0015e0a4 00000400 b errmsg.7236
0015e4a4 00000004 B current_audio
0015e4a8 00000004 b format_idx
0015e4ac 00000004 b format_idx_sub
0015e4b0 00000004 b SDL_Threads
0015e4b8 00000308 b SDL_global_error
0015e7c0 00000004 b SDL_maxthreads
0015e7c4 00000004 b SDL_numthreads
0015e7c8 00000004 b thread_lock
0015e7cc 00000004 b SDL_timer_mutex
0015e7d0 00000004 B SDL_timer_running
0015e7d4 00000004 B SDL_timer_started
0015e7d8 00000004 b SDL_timer_threaded
0015e7dc 00000004 b SDL_timers
0015e7e0 00000001 b list_changed
0015e7e4 00000004 B SDL_cursor
0015e7e8 00000004 B SDL_cursorlock
0015e7ec 00000004 b SDL_defcursor
0015e7f0 00000002 b pixels8
0015e7f4 00000004 b format_version.7984
0015e7f8 00000004 B current_video
0015e7fc 00000004 B SDL_allocatedjoysticks
0015e800 00000004 B SDL_joysticks
0015e804 00000001 B SDL_numjoysticks
0015e808 00000008 b start
0015e810 00000004 B stream_offset
0015e814 00000004 B key_release
0015e818 00000004 B old_x
0015e81c 00000004 B old_y
0015e820 00000001 B app_exiting
0015e821 00000001 B app_pause
0015e824 0000000c b cookie
0015e830 00000040 b keymap
0015e870 00000400 b n3ds_palette
0015ec70 00000004 B privateVideoThreadHandle
0015ec74 00000014 b program
0015ec88 00000040 b projection
0015ecc8 00000040 b projection2
0015ed08 00000001 B runThread
0015ed0c 00000004 B setVideoModecount
0015ed10 00000018 b spritesheet_tex
0015ed28 00000004 b uLoc_projection
0015ed2c 00000004 b vshader_dvlb
0015ed30 00000008 b SDL_EventLock
0015ed38 00000004 B SDL_EventOK
0015ed3c 00000c14 b SDL_EventQ
0015f950 00000004 b SDL_EventThread
0015f954 00000004 b SDL_eventstate
0015f958 00000004 b event_thread
0015f95c 00000143 b SDL_KeyState
0015faa0 00000002 b SDL_ModState
0015faa2 00000001 b SDL_NoLockKeys
0015faa4 00000004 B SDL_TranslateUNICODE
0015faa8 0000050c b keynames
0015ffb4 00000001 b SDL_ButtonState
0015ffb6 00000002 b SDL_DeltaX
0015ffb8 00000002 b SDL_DeltaY
0015ffba 00000002 b SDL_MouseMaxX
0015ffbc 00000002 b SDL_MouseMaxY
0015ffbe 00000002 b SDL_MouseX
0015ffc0 00000002 b SDL_MouseY
0015ffc4 00000008 b last_resize
0015ffcc 00000001 b SDL_appstate
0015ffd0 0000000c b hookCookie
0015ffe0 00000010 b cpuTime
0015fff0 00000004 b firstTarget
0015fff4 00000008 b frameCounter
0015fffc 00000001 b frameStage
00160000 00000010 b gpuTime
00160010 00000001 b inFrame
00160011 00000001 b inSafeTransfer
00160012 00000001 b initialized
00160014 00000004 b lastTarget
00160018 0000000c b linkedTarget
00160024 00000001 b measureGpuTime
00160028 000000c0 b C3Di_FVUnifEverDirty
001600e8 00000008 b C3Di_IVUnifEverDirty
001600f0 00000018 b C3Di_ShaderFVecData
00160108 0000000c b sAddrMap
00160114 00000008 b sVramPool
0016011c 00000008 b sLinearPool
00160124 0000000c b sAddrMap
00160130 00000401 b __component
00160534 00000004 V __romfs_path
00160538 00000802 b __utf16path
00160d3c 00000004 b romfs_mount_list
00160d40 00000001 V __ctru_speedup
00160d44 00000002 b currentBuffer
00160d46 00000001 b enable3d
00160d48 00000004 b screenAlloc
00160d4c 00000004 b screenFree
00160d50 00000004 b boundQueue
00160d54 00000004 b curQueue
00160d58 00000001 b isActive
00160d59 00000001 b isRunning
00160d5a 00000001 b shouldStop
00160d5c 0000000c b aptCookie
00160d68 00000001 b bActuallySleeping
00160d69 00000001 b bComponentLoaded
00160d6a 00000001 b bDspReady
00160d6b 00000001 b bNeedsSync
00160d6c 00000001 b bSleeping
00160d70 00000004 b componentBin
00160d74 00000002 b componentDataMask
00160d76 00000001 b componentFree
00160d78 00000002 b componentProgMask
00160d7c 00000004 b componentSize
00160d80 00000004 b droppedFrames
00160d84 00000004 b dspSem
00160d88 00001080 b dspVar5Backup
00161e08 00000004 b frameCount
00161e0c 00000004 b irqEvent
00161e10 00000048 b ndspMaster
00161e58 00000004 b ndspMutex
00161e5c 00000004 b ndspRefCount
00161e60 00000004 b ndspThread
00161e64 00000001 b ndspThreadRun
00161e68 00000008 b sleepEvent
00161e70 00000c60 b ndspChn
00162ad0 00000004 b cfguHandle
00162ad4 00000004 b cfguRefCount
00162ad8 00000004 b dspHandle
00162adc 00000004 b dspRefCount
00162ae0 00000004 b gspEvent
00162ae4 0000001c b gspEventCb
00162b00 0000001c b gspEventCbData
00162b1c 00000007 b gspEventCbOneShot
00162b24 0000001c b gspEventCounts
00162b40 00000004 b gspEventData
00162b44 00000004 b gspEventThread
00162b48 00000038 b gspEvents
00162b80 00000004 b gspRefCount
00162b84 00000001 b gspRunEvents
00162b85 00000001 b aptChainloadMediatype
00162b88 00000008 b aptChainloadTid
00162b90 00000004 b aptEventHandlerThread
00162b94 0000000c b aptEvents
00162ba0 0000000c b aptFirstHook
00162bac 00000001 b aptHomeButtonState
00162bb0 00000004 b aptLockHandle
00162bb4 00000004 b aptMessageFunc
00162bb8 00000004 b aptMessageFuncData
00162bbc 00001000 b aptParameters
00163bbc 00000004 b aptRefCount
00163bc0 00000008 b aptSleepEvent
00163bc8 00000001 b flagInit.8115
00163bc9 00000001 b flagValue.8116
00163bcc 00000004 b serviceName.7754
00163bd0 00000006 b aVec
00163bd8 00000004 b cPos
00163bdc 00000006 b gRate
00163be4 00000004 b hidRefCount
00163be8 00000004 b kDown
00163bec 00000004 b kHeld
00163bf0 00000004 b kOld
00163bf4 00000004 b kUp
00163bf8 00000004 b tPos
00163bfc 00000004 b ptmSysmHandle
00163c00 00000004 b ptmSysmRefCount
00163c08 00000080 b fsExemptArchives
00163c88 00000004 b fsuHandle
00163c8c 00000004 b fsuRefCount
00163c90 00000004 V __ctru_heap_size
00163c94 00000008 b sMappablePool
00163c9c 0000000c b sAddrMap
00163ca8 00000004 b arbiter
00163cac 00000004 b srvHandle
00163cb0 00000004 b srvRefCount
00163cb4 00000004 b csPos
00163cb8 00000004 b irrstRefCount
00163cbc 00000004 b kHeld
00163cc0 00000004 b srvPmHandle
00163cc8 00000008 b sdmcArchive
00163cd0 00000001 b sdmcInitialised
00163cd4 00000028 B __malloc_current_mallinfo
00163cfc 00000004 B __malloc_max_sbrked_mem
00163d00 00000004 B __malloc_max_total_mem
00163d04 00000004 B __malloc_top_pad
00163d08 00000004 b initial_env
00163d0c 00000004 b heap_start.7089
00163d10 00000004 B fake_heap_end
00163d14 00000004 B fake_heap_start
00163d18 00001000 b temp_cwd
00164d18 00000038 B __syscalls
00164d50 00000004 B key_press
00164d54 00000020 B keymem
00164d74 00000004 B VideoSurface2
00164d78 00000004 B VideoSurface1
00164d7c 00000004 B privateVideoThreadRequest
00164d80 00000020 B SDL_ProcessEvents
00164da0 00000020 B SDL_KeyRepeat
00164dc0 000002b8 B __C3D_Context
00165078 00000020 B C3D_IVUnif
00165098 000000c0 B C3D_FVUnifDirty
00165158 00000002 B C3D_BoolUnifsDirty
0016515c 00000008 B C3D_IVUnifDirty
00165164 00000004 B C3D_BoolUnifs
00165168 00000c00 B C3D_FVUnif
00165d68 0000004c B currentCopy
00165db4 00000008 B gfxBottomFramebuffers
00165dbc 00000004 B gspSharedMemHandle
00165dc0 0000001c B bottomFramebufferInfo
00165ddc 00000004 B gspEvent
00165de0 00000008 B gfxTopLeftFramebuffers
00165de8 00000008 B gfxTopRightFramebuffers
00165df0 0000001c B topFramebufferInfo
00165e0c 00000001 B gfxThreadID
00165e10 00000004 B gfxSharedMemory
00165e14 00000004 B gfxTopFramebufferMaxSize
00165e18 00000004 B gfxBottomFramebufferMaxSize
00165e1c 00000004 B gxCmdBuf
00165e20 00000004 B gpuCmdBuf
00165e24 00000004 B gpuCmdBufOffset
00165e28 00000004 B gpuCmdBufSize
00165e2c 00000002 B ndspFrameId
00165e2e 00000002 B ndspBufferId
00165e30 00000080 B ndspVars
00165eb0 00000002 B ndspBufferCurId
00165eb4 00000004 B gspGpuHandle
00165eb8 00000004 B hidMemHandle
00165ebc 00000004 B hidHandle
00165ec0 00000004 B hidSharedMem
00165ec4 00000014 B hidEvents
00165ed8 00000004 B __system_retAddr
00165edc 00000004 B __ctru_linear_heap
00165ee0 00000004 B __ctru_heap
00165ee4 00000004 B __system_argv
00165ee8 00000004 B __system_argc
00165eec 00000004 B irrstHandle
00165ef0 00000004 B irrstEvent
00165ef4 00000004 B irrstMemHandle
00165ef8 00000004 B irrstSharedMem
00165efc B __tls_start
00167308 B __bss_end__
00167308 A __end__
00167308 B __tls_end
